running egg_info
creating ../../build/bluetooth_joystick/bluetooth_joystick.egg-info
writing ../../build/bluetooth_joystick/bluetooth_joystick.egg-info/PKG-INFO
writing dependency_links to ../../build/bluetooth_joystick/bluetooth_joystick.egg-info/dependency_links.txt
writing entry points to ../../build/bluetooth_joystick/bluetooth_joystick.egg-info/entry_points.txt
writing requirements to ../../build/bluetooth_joystick/bluetooth_joystick.egg-info/requires.txt
writing top-level names to ../../build/bluetooth_joystick/bluetooth_joystick.egg-info/top_level.txt
writing manifest file '../../build/bluetooth_joystick/bluetooth_joystick.egg-info/SOURCES.txt'
reading manifest file '../../build/bluetooth_joystick/bluetooth_joystick.egg-info/SOURCES.txt'
writing manifest file '../../build/bluetooth_joystick/bluetooth_joystick.egg-info/SOURCES.txt'
running build
running build_py
creating /root/workspace/ros2_ws/build/bluetooth_joystick/build
creating /root/workspace/ros2_ws/build/bluetooth_joystick/build/lib
creating /root/workspace/ros2_ws/build/bluetooth_joystick/build/lib/bluetooth_joystick
copying bluetooth_joystick/__init__.py -> /root/workspace/ros2_ws/build/bluetooth_joystick/build/lib/bluetooth_joystick
copying bluetooth_joystick/joystick_publisher.py -> /root/workspace/ros2_ws/build/bluetooth_joystick/build/lib/bluetooth_joystick
running install
running install_lib
creating /root/workspace/ros2_ws/install/bluetooth_joystick/lib/python3.8/site-packages/bluetooth_joystick
copying /root/workspace/ros2_ws/build/bluetooth_joystick/build/lib/bluetooth_joystick/__init__.py -> /root/workspace/ros2_ws/install/bluetooth_joystick/lib/python3.8/site-packages/bluetooth_joystick
copying /root/workspace/ros2_ws/build/bluetooth_joystick/build/lib/bluetooth_joystick/joystick_publisher.py -> /root/workspace/ros2_ws/install/bluetooth_joystick/lib/python3.8/site-packages/bluetooth_joystick
byte-compiling /root/workspace/ros2_ws/install/bluetooth_joystick/lib/python3.8/site-packages/bluetooth_joystick/__init__.py to __init__.cpython-38.pyc
byte-compiling /root/workspace/ros2_ws/install/bluetooth_joystick/lib/python3.8/site-packages/bluetooth_joystick/joystick_publisher.py to joystick_publisher.cpython-38.pyc
running install_data
creating /root/workspace/ros2_ws/install/bluetooth_joystick/share/ament_index
creating /root/workspace/ros2_ws/install/bluetooth_joystick/share/ament_index/resource_index
creating /root/workspace/ros2_ws/install/bluetooth_joystick/share/ament_index/resource_index/packages
copying resource/bluetooth_joystick -> /root/workspace/ros2_ws/install/bluetooth_joystick/share/ament_index/resource_index/packages
copying package.xml -> /root/workspace/ros2_ws/install/bluetooth_joystick/share/bluetooth_joystick
running install_egg_info
Copying ../../build/bluetooth_joystick/bluetooth_joystick.egg-info to /root/workspace/ros2_ws/install/bluetooth_joystick/lib/python3.8/site-packages/bluetooth_joystick-0.0.0-py3.8.egg-info
running install_scripts
Installing joystick_publisher script to /root/workspace/ros2_ws/install/bluetooth_joystick/lib/bluetooth_joystick
writing list of installed files to '/root/workspace/ros2_ws/build/bluetooth_joystick/install.log'
