[0.320s] Invoking command in '/root/workspace/ros2_ws/src/bluetooth_joystick': PYTHONPATH=/root/workspace/ros2_ws/build/bluetooth_joystick/prefix_override:/root/workspace/ros2_ws/install/bluetooth_joystick/lib/python3.8/site-packages:${PYTHONPATH} /usr/bin/python3 setup.py egg_info --egg-base ../../build/bluetooth_joystick build --build-base /root/workspace/ros2_ws/build/bluetooth_joystick/build install --record /root/workspace/ros2_ws/build/bluetooth_joystick/install.log --install-scripts $base/lib/bluetooth_joystick --single-version-externally-managed
[0.409s] running egg_info
[0.409s] creating ../../build/bluetooth_joystick/bluetooth_joystick.egg-info
[0.409s] writing ../../build/bluetooth_joystick/bluetooth_joystick.egg-info/PKG-INFO
[0.409s] writing dependency_links to ../../build/bluetooth_joystick/bluetooth_joystick.egg-info/dependency_links.txt
[0.409s] writing entry points to ../../build/bluetooth_joystick/bluetooth_joystick.egg-info/entry_points.txt
[0.409s] writing requirements to ../../build/bluetooth_joystick/bluetooth_joystick.egg-info/requires.txt
[0.409s] writing top-level names to ../../build/bluetooth_joystick/bluetooth_joystick.egg-info/top_level.txt
[0.411s] writing manifest file '../../build/bluetooth_joystick/bluetooth_joystick.egg-info/SOURCES.txt'
[0.428s] reading manifest file '../../build/bluetooth_joystick/bluetooth_joystick.egg-info/SOURCES.txt'
[0.428s] writing manifest file '../../build/bluetooth_joystick/bluetooth_joystick.egg-info/SOURCES.txt'
[0.428s] running build
[0.428s] running build_py
[0.428s] creating /root/workspace/ros2_ws/build/bluetooth_joystick/build
[0.428s] creating /root/workspace/ros2_ws/build/bluetooth_joystick/build/lib
[0.428s] creating /root/workspace/ros2_ws/build/bluetooth_joystick/build/lib/bluetooth_joystick
[0.428s] copying bluetooth_joystick/__init__.py -> /root/workspace/ros2_ws/build/bluetooth_joystick/build/lib/bluetooth_joystick
[0.429s] copying bluetooth_joystick/joystick_publisher.py -> /root/workspace/ros2_ws/build/bluetooth_joystick/build/lib/bluetooth_joystick
[0.429s] running install
[0.429s] running install_lib
[0.429s] creating /root/workspace/ros2_ws/install/bluetooth_joystick/lib/python3.8/site-packages/bluetooth_joystick
[0.429s] copying /root/workspace/ros2_ws/build/bluetooth_joystick/build/lib/bluetooth_joystick/__init__.py -> /root/workspace/ros2_ws/install/bluetooth_joystick/lib/python3.8/site-packages/bluetooth_joystick
[0.429s] copying /root/workspace/ros2_ws/build/bluetooth_joystick/build/lib/bluetooth_joystick/joystick_publisher.py -> /root/workspace/ros2_ws/install/bluetooth_joystick/lib/python3.8/site-packages/bluetooth_joystick
[0.430s] byte-compiling /root/workspace/ros2_ws/install/bluetooth_joystick/lib/python3.8/site-packages/bluetooth_joystick/__init__.py to __init__.cpython-38.pyc
[0.430s] byte-compiling /root/workspace/ros2_ws/install/bluetooth_joystick/lib/python3.8/site-packages/bluetooth_joystick/joystick_publisher.py to joystick_publisher.cpython-38.pyc
[0.430s] running install_data
[0.431s] creating /root/workspace/ros2_ws/install/bluetooth_joystick/share/ament_index
[0.431s] creating /root/workspace/ros2_ws/install/bluetooth_joystick/share/ament_index/resource_index
[0.431s] creating /root/workspace/ros2_ws/install/bluetooth_joystick/share/ament_index/resource_index/packages
[0.431s] copying resource/bluetooth_joystick -> /root/workspace/ros2_ws/install/bluetooth_joystick/share/ament_index/resource_index/packages
[0.431s] copying package.xml -> /root/workspace/ros2_ws/install/bluetooth_joystick/share/bluetooth_joystick
[0.431s] running install_egg_info
[0.432s] Copying ../../build/bluetooth_joystick/bluetooth_joystick.egg-info to /root/workspace/ros2_ws/install/bluetooth_joystick/lib/python3.8/site-packages/bluetooth_joystick-0.0.0-py3.8.egg-info
[0.432s] running install_scripts
[0.441s] Installing joystick_publisher script to /root/workspace/ros2_ws/install/bluetooth_joystick/lib/bluetooth_joystick
[0.441s] writing list of installed files to '/root/workspace/ros2_ws/build/bluetooth_joystick/install.log'
[0.452s] Invoked command in '/root/workspace/ros2_ws/src/bluetooth_joystick' returned '0': PYTHONPATH=/root/workspace/ros2_ws/build/bluetooth_joystick/prefix_override:/root/workspace/ros2_ws/install/bluetooth_joystick/lib/python3.8/site-packages:${PYTHONPATH} /usr/bin/python3 setup.py egg_info --egg-base ../../build/bluetooth_joystick build --build-base /root/workspace/ros2_ws/build/bluetooth_joystick/build install --record /root/workspace/ros2_ws/build/bluetooth_joystick/install.log --install-scripts $base/lib/bluetooth_joystick --single-version-externally-managed
