running egg_info
writing ../../build/bluetooth_joystick/bluetooth_joystick.egg-info/PKG-INFO
writing dependency_links to ../../build/bluetooth_joystick/bluetooth_joystick.egg-info/dependency_links.txt
writing entry points to ../../build/bluetooth_joystick/bluetooth_joystick.egg-info/entry_points.txt
writing requirements to ../../build/bluetooth_joystick/bluetooth_joystick.egg-info/requires.txt
writing top-level names to ../../build/bluetooth_joystick/bluetooth_joystick.egg-info/top_level.txt
reading manifest file '../../build/bluetooth_joystick/bluetooth_joystick.egg-info/SOURCES.txt'
writing manifest file '../../build/bluetooth_joystick/bluetooth_joystick.egg-info/SOURCES.txt'
running build
running build_py
copying bluetooth_joystick/joystick_publisher.py -> /root/workspace/ros2_ws/build/bluetooth_joystick/build/lib/bluetooth_joystick
running install
running install_lib
copying /root/workspace/ros2_ws/build/bluetooth_joystick/build/lib/bluetooth_joystick/joystick_publisher.py -> /root/workspace/ros2_ws/install/bluetooth_joystick/lib/python3.8/site-packages/bluetooth_joystick
byte-compiling /root/workspace/ros2_ws/install/bluetooth_joystick/lib/python3.8/site-packages/bluetooth_joystick/joystick_publisher.py to joystick_publisher.cpython-38.pyc
running install_data
running install_egg_info
removing '/root/workspace/ros2_ws/install/bluetooth_joystick/lib/python3.8/site-packages/bluetooth_joystick-0.0.0-py3.8.egg-info' (and everything under it)
Copying ../../build/bluetooth_joystick/bluetooth_joystick.egg-info to /root/workspace/ros2_ws/install/bluetooth_joystick/lib/python3.8/site-packages/bluetooth_joystick-0.0.0-py3.8.egg-info
running install_scripts
Installing joystick_publisher script to /root/workspace/ros2_ws/install/bluetooth_joystick/lib/bluetooth_joystick
writing list of installed files to '/root/workspace/ros2_ws/build/bluetooth_joystick/install.log'
